----------------------------------------------------------------
<<<<<<< HEAD
Thu Sep 14 14:55:46 MDT 2017:
Booting Derby version The Apache Software Foundation - Apache Derby - 10.13.1.1 - (1765088): instance a816c00e-015e-822d-14ff-00000aca74d8 
on database directory memory:C:\Users\jtorr\msubanner\testdb with class loader sun.misc.Launcher$AppClassLoader@18b4aac2 
Loaded from file:/C:/Users/jtorr/.m2/repository/org/apache/derby/derby/10.13.1.1/derby-10.13.1.1.jar
java.vendor=Oracle Corporation
java.runtime.version=1.8.0_131-b11
user.dir=C:\Users\jtorr\msubanner
os.name=Windows 10
os.arch=amd64
os.version=10.0
=======
Sun Sep 17 10:12:02 MDT 2017:
Booting Derby version The Apache Software Foundation - Apache Derby - 10.13.1.1 - (1765088): instance a816c00e-015e-909c-671f-00000df0e9a0 
on database directory /Users/tbot/Dropbox/springToolSuiteWorkspace/msubanner/default with class loader sun.misc.Launcher$AppClassLoader@1b6d3586 
Loaded from file:/Users/tbot/.m2/repository/org/apache/derby/derby/10.13.1.1/derby-10.13.1.1.jar
java.vendor=Oracle Corporation
java.runtime.version=1.8.0_65-b17
user.dir=/Users/tbot/Dropbox/springToolSuiteWorkspace/msubanner
os.name=Mac OS X
os.arch=x86_64
os.version=10.12.6
>>>>>>> db950cde141ad107703b225d6f61056c292dd8b2
derby.system.home=null
Database Class Loader started - derby.database.classpath=''
